This is pdfTeX, Version 3.141592653-2.6-1.40.25 (MiKTeX 24.1) (preloaded format=pdflatex 2024.2.5)  11 FEB 2024 13:03
entering extended mode
 \write18 enabled.
 file:line:error style messages enabled.
 %&-line parsing enabled.
**c:/Users/bell6/Documents/FRA-UAS/SWE-Analysis/svg/swea-team5group6/Group6_Team5.tex
(c:/Users/bell6/Documents/FRA-UAS/SWE-Analysis/svg/swea-team5group6/Group6_Team5.tex
LaTeX2e <2023-11-01> patch level 1
L3 programming layer <2024-01-22>
(C:\Users\bell6\AppData\Local\Programs\MiKTeX\tex/latex/base\article.cls
Document Class: article 2023/05/17 v1.4n Standard LaTeX document class
(C:\Users\bell6\AppData\Local\Programs\MiKTeX\tex/latex/base\size10.clo
File: size10.clo 2023/05/17 v1.4n Standard LaTeX file (size option)
)
\c@part=\count187
\c@section=\count188
\c@subsection=\count189
\c@subsubsection=\count190
\c@paragraph=\count191
\c@subparagraph=\count192
\c@figure=\count193
\c@table=\count194
\abovecaptionskip=\skip48
\belowcaptionskip=\skip49
\bibindent=\dimen140
) (C:\Users\bell6\AppData\Local\Programs\MiKTeX\tex/latex/svg\svg.sty
Package: svg 2020/11/26 v2.02k (include SVG pictures)
 (C:\Users\bell6\AppData\Local\Programs\MiKTeX\tex/generic/iftex\iftex.sty
Package: iftex 2022/02/03 v1.0f TeX engine tests
) (C:\Users\bell6\AppData\Local\Programs\MiKTeX\tex/latex/koma-script\scrbase.sty
Package: scrbase 2023/07/07 v3.41 KOMA-Script package (KOMA-Script-independent basics and keyval usage)
 (C:\Users\bell6\AppData\Local\Programs\MiKTeX\tex/latex/koma-script\scrlfile.sty
Package: scrlfile 2023/07/07 v3.41 KOMA-Script package (file load hooks)
 (C:\Users\bell6\AppData\Local\Programs\MiKTeX\tex/latex/koma-script\scrlfile-hook.sty
Package: scrlfile-hook 2023/07/07 v3.41 KOMA-Script package (using LaTeX hooks)
 (C:\Users\bell6\AppData\Local\Programs\MiKTeX\tex/latex/koma-script\scrlogo.sty
Package: scrlogo 2023/07/07 v3.41 KOMA-Script package (logo)
))) (C:\Users\bell6\AppData\Local\Programs\MiKTeX\tex/latex/graphics\keyval.sty
Package: keyval 2022/05/29 v1.15 key=value parser (DPC)
\KV@toks@=\toks17
)
Applying: [2021/05/01] Usage of raw or classic option list on input line 252.
Already applied: [0000/00/00] Usage of raw or classic option list on input line 368.
) (C:\Users\bell6\AppData\Local\Programs\MiKTeX\tex/generic/pdftexcmds\pdftexcmds.sty
Package: pdftexcmds 2020-06-27 v0.33 Utility functions of pdfTeX for LuaTeX (HO)
 (C:\Users\bell6\AppData\Local\Programs\MiKTeX\tex/generic/infwarerr\infwarerr.sty
Package: infwarerr 2019/12/03 v1.5 Providing info/warning/error messages (HO)
) (C:\Users\bell6\AppData\Local\Programs\MiKTeX\tex/generic/ltxcmds\ltxcmds.sty
Package: ltxcmds 2023-12-04 v1.26 LaTeX kernel commands for general use (HO)
)
Package pdftexcmds Info: \pdf@primitive is available.
Package pdftexcmds Info: \pdf@ifprimitive is available.
Package pdftexcmds Info: \pdfdraftmode found.
) (C:\Users\bell6\AppData\Local\Programs\MiKTeX\tex/latex/trimspaces\trimspaces.sty
Package: trimspaces 2009/09/17 v1.1 Trim spaces around a token list
) (C:\Users\bell6\AppData\Local\Programs\MiKTeX\tex/latex/graphics\graphicx.sty
Package: graphicx 2021/09/16 v1.2d Enhanced LaTeX Graphics (DPC,SPQR)
 (C:\Users\bell6\AppData\Local\Programs\MiKTeX\tex/latex/graphics\graphics.sty
Package: graphics 2022/03/10 v1.4e Standard LaTeX Graphics (DPC,SPQR)
 (C:\Users\bell6\AppData\Local\Programs\MiKTeX\tex/latex/graphics\trig.sty
Package: trig 2021/08/11 v1.11 sin cos tan (DPC)
) (C:\Users\bell6\AppData\Local\Programs\MiKTeX\tex/latex/graphics-cfg\graphics.cfg
File: graphics.cfg 2016/06/04 v1.11 sample graphics configuration
)
Package graphics Info: Driver file: pdftex.def on input line 107.
 (C:\Users\bell6\AppData\Local\Programs\MiKTeX\tex/latex/graphics-def\pdftex.def
File: pdftex.def 2022/09/22 v1.2b Graphics/color driver for pdftex
))
\Gin@req@height=\dimen141
\Gin@req@width=\dimen142
) (C:\Users\bell6\AppData\Local\Programs\MiKTeX\tex/latex/tools\shellesc.sty
Package: shellesc 2023/07/08 v1.0d unified shell escape interface for LaTeX
Package shellesc Info: Unrestricted shell escape enabled on input line 75.
) (C:\Users\bell6\AppData\Local\Programs\MiKTeX\tex/latex/ifplatform\ifplatform.sty
Package: ifplatform 2017/10/13 v0.4a Testing for the operating system
 (C:\Users\bell6\AppData\Local\Programs\MiKTeX\tex/generic/catchfile\catchfile.sty
Package: catchfile 2019/12/09 v1.8 Catch the contents of a file (HO)
 (C:\Users\bell6\AppData\Local\Programs\MiKTeX\tex/generic/etexcmds\etexcmds.sty
Package: etexcmds 2019/12/15 v1.7 Avoid name clashes with e-TeX commands (HO)
)) (C:\Users\bell6\AppData\Local\Programs\MiKTeX\tex/generic/iftex\ifluatex.sty
Package: ifluatex 2019/10/25 v1.5 ifluatex legacy package. Use iftex instead.
))
\c@svg@param@lastpage=\count195
\svg@box=\box51
\c@svg@param@currpage=\count196
) (C:\Users\bell6\AppData\Local\Programs\MiKTeX\tex/latex/xcolor\xcolor.sty
Package: xcolor 2023/11/15 v3.01 LaTeX color extensions (UK)
 (C:\Users\bell6\AppData\Local\Programs\MiKTeX\tex/latex/graphics-cfg\color.cfg
File: color.cfg 2016/01/02 v1.6 sample color configuration
)
Package xcolor Info: Driver file: pdftex.def on input line 274.
 (C:\Users\bell6\AppData\Local\Programs\MiKTeX\tex/latex/graphics\mathcolor.ltx)
Package xcolor Info: Model `cmy' substituted by `cmy0' on input line 1350.
Package xcolor Info: Model `hsb' substituted by `rgb' on input line 1354.
Package xcolor Info: Model `RGB' extended on input line 1366.
Package xcolor Info: Model `HTML' substituted by `rgb' on input line 1368.
Package xcolor Info: Model `Hsb' substituted by `hsb' on input line 1369.
Package xcolor Info: Model `tHsb' substituted by `hsb' on input line 1370.
Package xcolor Info: Model `HSB' substituted by `hsb' on input line 1371.
Package xcolor Info: Model `Gray' substituted by `gray' on input line 1372.
Package xcolor Info: Model `wave' substituted by `hsb' on input line 1373.
) (C:\Users\bell6\AppData\Local\Programs\MiKTeX\tex/latex/transparent\transparent.sty
Package: transparent 2022-10-27 v1.5 Transparency with color stacks
 (C:\Users\bell6\AppData\Local\Programs\MiKTeX\tex/latex/transparent\transparent-nometadata.sty
Package: transparent-nometadata 2022-10-27 v1.5 Transparency via pdfTeX's color stack (HO)
 (C:\Users\bell6\AppData\Local\Programs\MiKTeX\tex/latex/auxhook\auxhook.sty
Package: auxhook 2019-12-17 v1.6 Hooks for auxiliary files (HO)
))) (C:\Users\bell6\AppData\Local\Programs\MiKTeX\tex/latex/pgf/systemlayer\pgfsys.sty (C:\Users\bell6\AppData\Local\Programs\MiKTeX\tex/latex/pgf/utilities\pgfrcs.sty (C:\Users\bell6\AppData\Local\Programs\MiKTeX\tex/generic/pgf/utilities\pgfutil-common.tex
\pgfutil@everybye=\toks18
\pgfutil@tempdima=\dimen143
\pgfutil@tempdimb=\dimen144
) (C:\Users\bell6\AppData\Local\Programs\MiKTeX\tex/generic/pgf/utilities\pgfutil-latex.def
\pgfutil@abb=\box52
) (C:\Users\bell6\AppData\Local\Programs\MiKTeX\tex/generic/pgf/utilities\pgfrcs.code.tex (C:\Users\bell6\AppData\Local\Programs\MiKTeX\tex/generic/pgf\pgf.revision.tex)
Package: pgfrcs 2023-01-15 v3.1.10 (3.1.10)
)) (C:\Users\bell6\AppData\Local\Programs\MiKTeX\tex/generic/pgf/systemlayer\pgfsys.code.tex
Package: pgfsys 2023-01-15 v3.1.10 (3.1.10)
 (C:\Users\bell6\AppData\Local\Programs\MiKTeX\tex/generic/pgf/utilities\pgfkeys.code.tex
\pgfkeys@pathtoks=\toks19
\pgfkeys@temptoks=\toks20
 (C:\Users\bell6\AppData\Local\Programs\MiKTeX\tex/generic/pgf/utilities\pgfkeyslibraryfiltered.code.tex
\pgfkeys@tmptoks=\toks21
))
\pgf@x=\dimen145
\pgf@y=\dimen146
\pgf@xa=\dimen147
\pgf@ya=\dimen148
\pgf@xb=\dimen149
\pgf@yb=\dimen150
\pgf@xc=\dimen151
\pgf@yc=\dimen152
\pgf@xd=\dimen153
\pgf@yd=\dimen154
\w@pgf@writea=\write3
\r@pgf@reada=\read2
\c@pgf@counta=\count197
\c@pgf@countb=\count198
\c@pgf@countc=\count199
\c@pgf@countd=\count266
\t@pgf@toka=\toks22
\t@pgf@tokb=\toks23
\t@pgf@tokc=\toks24
\pgf@sys@id@count=\count267
 (C:\Users\bell6\AppData\Local\Programs\MiKTeX\tex/generic/pgf/systemlayer\pgf.cfg
File: pgf.cfg 2023-01-15 v3.1.10 (3.1.10)
)
Driver file for pgf: pgfsys-pdftex.def
 (C:\Users\bell6\AppData\Local\Programs\MiKTeX\tex/generic/pgf/systemlayer\pgfsys-pdftex.def
File: pgfsys-pdftex.def 2023-01-15 v3.1.10 (3.1.10)
 (C:\Users\bell6\AppData\Local\Programs\MiKTeX\tex/generic/pgf/systemlayer\pgfsys-common-pdf.def
File: pgfsys-common-pdf.def 2023-01-15 v3.1.10 (3.1.10)
))) (C:\Users\bell6\AppData\Local\Programs\MiKTeX\tex/generic/pgf/systemlayer\pgfsyssoftpath.code.tex
File: pgfsyssoftpath.code.tex 2023-01-15 v3.1.10 (3.1.10)
\pgfsyssoftpath@smallbuffer@items=\count268
\pgfsyssoftpath@bigbuffer@items=\count269
) (C:\Users\bell6\AppData\Local\Programs\MiKTeX\tex/generic/pgf/systemlayer\pgfsysprotocol.code.tex
File: pgfsysprotocol.code.tex 2023-01-15 v3.1.10 (3.1.10)
)) (C:\Users\bell6\AppData\Local\Programs\MiKTeX\tex/latex/caption\caption.sty
Package: caption 2023/08/05 v3.6o Customizing captions (AR)
 (C:\Users\bell6\AppData\Local\Programs\MiKTeX\tex/latex/caption\caption3.sty
Package: caption3 2023/07/31 v2.4d caption3 kernel (AR)
\caption@tempdima=\dimen155
\captionmargin=\dimen156
\caption@leftmargin=\dimen157
\caption@rightmargin=\dimen158
\caption@width=\dimen159
\caption@indent=\dimen160
\caption@parindent=\dimen161
\caption@hangindent=\dimen162
Package caption Info: Standard document class detected.
)
\c@caption@flags=\count270
\c@continuedfloat=\count271
) (C:\Users\bell6\AppData\Local\Programs\MiKTeX\tex/latex/caption\subcaption.sty
Package: subcaption 2023/07/28 v1.6b Sub-captions (AR)
Package caption Info: New subtype `subfigure' on input line 238.
\c@subfigure=\count272
Package caption Info: New subtype `subtable' on input line 238.
\c@subtable=\count273
) (C:\Users\bell6\AppData\Local\Programs\MiKTeX\tex/latex/tools\tabularx.sty
Package: tabularx 2023/07/08 v2.11c `tabularx' package (DPC)
 (C:\Users\bell6\AppData\Local\Programs\MiKTeX\tex/latex/tools\array.sty
Package: array 2023/10/16 v2.5g Tabular extension package (FMi)
\col@sep=\dimen163
\ar@mcellbox=\box53
\extrarowheight=\dimen164
\NC@list=\toks25
\extratabsurround=\skip50
\backup@length=\skip51
\ar@cellbox=\box54
)
\TX@col@width=\dimen165
\TX@old@table=\dimen166
\TX@old@col=\dimen167
\TX@target=\dimen168
\TX@delta=\dimen169
\TX@cols=\count274
\TX@ftn=\toks26
) (C:\Users\bell6\AppData\Local\Programs\MiKTeX\tex/latex/geometry\geometry.sty
Package: geometry 2020/01/02 v5.9 Page Geometry
 (C:\Users\bell6\AppData\Local\Programs\MiKTeX\tex/generic/iftex\ifvtex.sty
Package: ifvtex 2019/10/25 v1.7 ifvtex legacy package. Use iftex instead.
)
\Gm@cnth=\count275
\Gm@cntv=\count276
\c@Gm@tempcnt=\count277
\Gm@bindingoffset=\dimen170
\Gm@wd@mp=\dimen171
\Gm@odd@mp=\dimen172
\Gm@even@mp=\dimen173
\Gm@layoutwidth=\dimen174
\Gm@layoutheight=\dimen175
\Gm@layouthoffset=\dimen176
\Gm@layoutvoffset=\dimen177
\Gm@dimlist=\toks27
 (C:\Users\bell6\AppData\Local\Programs\MiKTeX\tex/latex/geometry\geometry.cfg)) (C:\Users\bell6\AppData\Local\Programs\MiKTeX\tex/latex/hyperref\hyperref.sty
Package: hyperref 2024-01-20 v7.01h Hypertext links for LaTeX
 (C:\Users\bell6\AppData\Local\Programs\MiKTeX\tex/latex/kvsetkeys\kvsetkeys.sty
Package: kvsetkeys 2022-10-05 v1.19 Key value parser (HO)
) (C:\Users\bell6\AppData\Local\Programs\MiKTeX\tex/generic/kvdefinekeys\kvdefinekeys.sty
Package: kvdefinekeys 2019-12-19 v1.6 Define keys (HO)
) (C:\Users\bell6\AppData\Local\Programs\MiKTeX\tex/generic/pdfescape\pdfescape.sty
Package: pdfescape 2019/12/09 v1.15 Implements pdfTeX's escape features (HO)
) (C:\Users\bell6\AppData\Local\Programs\MiKTeX\tex/latex/hycolor\hycolor.sty
Package: hycolor 2020-01-27 v1.10 Color options for hyperref/bookmark (HO)
) (C:\Users\bell6\AppData\Local\Programs\MiKTeX\tex/latex/hyperref\nameref.sty
Package: nameref 2023-11-26 v2.56 Cross-referencing by name of section
 (C:\Users\bell6\AppData\Local\Programs\MiKTeX\tex/latex/refcount\refcount.sty
Package: refcount 2019/12/15 v3.6 Data extraction from label references (HO)
) (C:\Users\bell6\AppData\Local\Programs\MiKTeX\tex/generic/gettitlestring\gettitlestring.sty
Package: gettitlestring 2019/12/15 v1.6 Cleanup title references (HO)
 (C:\Users\bell6\AppData\Local\Programs\MiKTeX\tex/latex/kvoptions\kvoptions.sty
Package: kvoptions 2022-06-15 v3.15 Key value format for package options (HO)
))
\c@section@level=\count278
) (C:\Users\bell6\AppData\Local\Programs\MiKTeX\tex/latex/etoolbox\etoolbox.sty
Package: etoolbox 2020/10/05 v2.5k e-TeX tools for LaTeX (JAW)
\etb@tempcnta=\count279
)
\@linkdim=\dimen178
\Hy@linkcounter=\count280
\Hy@pagecounter=\count281
 (C:\Users\bell6\AppData\Local\Programs\MiKTeX\tex/latex/hyperref\pd1enc.def
File: pd1enc.def 2024-01-20 v7.01h Hyperref: PDFDocEncoding definition (HO)
Now handling font encoding PD1 ...
... no UTF-8 mapping file for font encoding PD1
) (C:\Users\bell6\AppData\Local\Programs\MiKTeX\tex/generic/intcalc\intcalc.sty
Package: intcalc 2019/12/15 v1.3 Expandable calculations with integers (HO)
)
\Hy@SavedSpaceFactor=\count282
 (C:\Users\bell6\AppData\Local\Programs\MiKTeX\tex/latex/hyperref\puenc.def
File: puenc.def 2024-01-20 v7.01h Hyperref: PDF Unicode definition (HO)
Now handling font encoding PU ...
... no UTF-8 mapping file for font encoding PU
)
Package hyperref Info: Hyper figures OFF on input line 4179.
Package hyperref Info: Link nesting OFF on input line 4184.
Package hyperref Info: Hyper index ON on input line 4187.
Package hyperref Info: Plain pages OFF on input line 4194.
Package hyperref Info: Backreferencing OFF on input line 4199.
Package hyperref Info: Implicit mode ON; LaTeX internals redefined.
Package hyperref Info: Bookmarks ON on input line 4446.
\c@Hy@tempcnt=\count283
 (C:\Users\bell6\AppData\Local\Programs\MiKTeX\tex/latex/url\url.sty
\Urlmuskip=\muskip16
Package: url 2013/09/16  ver 3.4  Verb mode for urls, etc.
)
LaTeX Info: Redefining \url on input line 4784.
\XeTeXLinkMargin=\dimen179
 (C:\Users\bell6\AppData\Local\Programs\MiKTeX\tex/generic/bitset\bitset.sty
Package: bitset 2019/12/09 v1.3 Handle bit-vector datatype (HO)
 (C:\Users\bell6\AppData\Local\Programs\MiKTeX\tex/generic/bigintcalc\bigintcalc.sty
Package: bigintcalc 2019/12/15 v1.5 Expandable calculations on big integers (HO)
))
\Fld@menulength=\count284
\Field@Width=\dimen180
\Fld@charsize=\dimen181
Package hyperref Info: Hyper figures OFF on input line 6063.
Package hyperref Info: Link nesting OFF on input line 6068.
Package hyperref Info: Hyper index ON on input line 6071.
Package hyperref Info: backreferencing OFF on input line 6078.
Package hyperref Info: Link coloring OFF on input line 6083.
Package hyperref Info: Link coloring with OCG OFF on input line 6088.
Package hyperref Info: PDF/A mode OFF on input line 6093.
 (C:\Users\bell6\AppData\Local\Programs\MiKTeX\tex/latex/base\atbegshi-ltx.sty
Package: atbegshi-ltx 2021/01/10 v1.0c Emulation of the original atbegshi
package with kernel methods
)
\Hy@abspage=\count285
\c@Item=\count286
\c@Hfootnote=\count287
)
Package hyperref Info: Driver (autodetected): hpdftex.
 (C:\Users\bell6\AppData\Local\Programs\MiKTeX\tex/latex/hyperref\hpdftex.def
File: hpdftex.def 2024-01-20 v7.01h Hyperref driver for pdfTeX
 (C:\Users\bell6\AppData\Local\Programs\MiKTeX\tex/latex/base\atveryend-ltx.sty
Package: atveryend-ltx 2020/08/19 v1.0a Emulation of the original atveryend package
with kernel methods
)
\Fld@listcount=\count288
\c@bookmark@seq@number=\count289
 (C:\Users\bell6\AppData\Local\Programs\MiKTeX\tex/latex/rerunfilecheck\rerunfilecheck.sty
Package: rerunfilecheck 2022-07-10 v1.10 Rerun checks for auxiliary files (HO)
 (C:\Users\bell6\AppData\Local\Programs\MiKTeX\tex/generic/uniquecounter\uniquecounter.sty
Package: uniquecounter 2019/12/15 v1.4 Provide unlimited unique counter (HO)
)
Package uniquecounter Info: New unique counter `rerunfilecheck' on input line 285.
)
\Hy@SectionHShift=\skip52
)
Package hyperref Info: Option `colorlinks' set `true' on input line 15.
 (C:\Users\bell6\AppData\Local\Programs\MiKTeX\tex/latex/l3backend\l3backend-pdftex.def
File: l3backend-pdftex.def 2024-01-04 L3 backend support: PDF output (pdfTeX)
\l__color_backend_stack_int=\count290
\l__pdf_internal_box=\box55
) (Group6_Team5.aux)
\openout1 = `Group6_Team5.aux'.

LaTeX Font Info:    Checking defaults for OML/cmm/m/it on input line 17.
LaTeX Font Info:    ... okay on input line 17.
LaTeX Font Info:    Checking defaults for OMS/cmsy/m/n on input line 17.
LaTeX Font Info:    ... okay on input line 17.
LaTeX Font Info:    Checking defaults for OT1/cmr/m/n on input line 17.
LaTeX Font Info:    ... okay on input line 17.
LaTeX Font Info:    Checking defaults for T1/cmr/m/n on input line 17.
LaTeX Font Info:    ... okay on input line 17.
LaTeX Font Info:    Checking defaults for TS1/cmr/m/n on input line 17.
LaTeX Font Info:    ... okay on input line 17.
LaTeX Font Info:    Checking defaults for OMX/cmex/m/n on input line 17.
LaTeX Font Info:    ... okay on input line 17.
LaTeX Font Info:    Checking defaults for U/cmr/m/n on input line 17.
LaTeX Font Info:    ... okay on input line 17.
LaTeX Font Info:    Checking defaults for PD1/pdf/m/n on input line 17.
LaTeX Font Info:    ... okay on input line 17.
LaTeX Font Info:    Checking defaults for PU/pdf/m/n on input line 17.
LaTeX Font Info:    ... okay on input line 17.
 (C:\Users\bell6\AppData\Local\Programs\MiKTeX\tex/context/base/mkii\supp-pdf.mkii
[Loading MPS to PDF converter (version 2006.09.02).]
\scratchcounter=\count291
\scratchdimen=\dimen182
\scratchbox=\box56
\nofMPsegments=\count292
\nofMParguments=\count293
\everyMPshowfont=\toks28
\MPscratchCnt=\count294
\MPscratchDim=\dimen183
\MPnumerator=\count295
\makeMPintoPDFobject=\count296
\everyMPtoPDFconversion=\toks29
) (C:\Users\bell6\AppData\Local\Programs\MiKTeX\tex/latex/epstopdf-pkg\epstopdf-base.sty
Package: epstopdf-base 2020-01-24 v2.11 Base part for package epstopdf
Package epstopdf-base Info: Redefining graphics rule for `.eps' on input line 485.
 (C:\Users\bell6\AppData\Local\Programs\MiKTeX\tex/latex/00miktex\epstopdf-sys.cfg
File: epstopdf-sys.cfg 2021/03/18 v2.0 Configuration of epstopdf for MiKTeX
))
Package caption Info: Begin \AtBeginDocument code.
Package caption Info: hyperref package is loaded.
Package caption Info: End \AtBeginDocument code.

*geometry* driver: auto-detecting
*geometry* detected driver: pdftex
*geometry* verbose mode - [ preamble ] result:
* driver: pdftex
* paper: <default>
* layout: <same size as paper>
* layoutoffset:(h,v)=(0.0pt,0.0pt)
* modes: 
* h-part:(L,W,R)=(72.26999pt, 469.75502pt, 72.26999pt)
* v-part:(T,H,B)=(72.26999pt, 650.43001pt, 72.26999pt)
* \paperwidth=614.295pt
* \paperheight=794.96999pt
* \textwidth=469.75502pt
* \textheight=650.43001pt
* \oddsidemargin=0.0pt
* \evensidemargin=0.0pt
* \topmargin=-37.0pt
* \headheight=12.0pt
* \headsep=25.0pt
* \topskip=10.0pt
* \footskip=30.0pt
* \marginparwidth=65.0pt
* \marginparsep=11.0pt
* \columnsep=10.0pt
* \skip\footins=9.0pt plus 4.0pt minus 2.0pt
* \hoffset=0.0pt
* \voffset=0.0pt
* \mag=1000
* \@twocolumnfalse
* \@twosidefalse
* \@mparswitchfalse
* \@reversemarginfalse
* (1in=72.27pt=25.4mm, 1cm=28.453pt)

Package hyperref Info: Link coloring ON on input line 17.
(Group6_Team5.out) (Group6_Team5.out)
\@outlinefile=\write4
\openout4 = `Group6_Team5.out'.

 [1

{C:/Users/bell6/AppData/Local/MiKTeX/fonts/map/pdftex/pdftex.map}]
pdfTeX warning (ext4): destination with the same identifier (name{page.1}) has been already used, duplicate ignored
<to be read again> 
                   \relax 
l.42 \clearpage
                [1] (Group6_Team5.toc
LaTeX Font Info:    External font `cmex10' loaded for size
(Font)              <7> on input line 3.
LaTeX Font Info:    External font `cmex10' loaded for size
(Font)              <5> on input line 3.
)
\tf@toc=\write5
\openout5 = `Group6_Team5.toc'.

 [2

]
Overfull \hbox (2.3844pt too wide) in paragraph at lines 74--74
[]|\OT1/cmr/bx/n/9 Categorization| 
 []


Underfull \hbox (badness 10000) in paragraph at lines 74--74
[]|\OT1/cmr/bx/n/9 Buisness
 []


Overfull \hbox (5.45764pt too wide) in paragraph at lines 74--74
[]|\OT1/cmr/bx/n/9 Sprint
 []


Overfull \hbox (2.85077pt too wide) in paragraph at lines 74--74
\OT1/cmr/bx/n/9 meet-
 []


Underfull \hbox (badness 3009) in paragraph at lines 74--74
[]|\OT1/cmr/m/n/9 Voice As-sis-tant for easy data
 []


Underfull \hbox (badness 10000) in paragraph at lines 74--74
[]|\OT1/cmr/m/n/9 Howard-Yi Hong
 []


Underfull \hbox (badness 10000) in paragraph at lines 74--74
[]|\OT1/cmr/m/n/9 Howard-Yi Hong
 []


Underfull \hbox (badness 10000) in paragraph at lines 74--74
[]|\OT1/cmr/m/n/9 Howard-Yi Hong
 []


Underfull \hbox (badness 10000) in paragraph at lines 74--74
[]|\OT1/cmr/m/n/9 Howard-Yi Hong
 []

[3] [4] [5] [6] [7] [8] [9] [10] [11] [12]
Package svg Info: Last page of `./svg-inkscape/UserFitnessChallenge_UseCase_svg-tex.pdf' is 1 on input line 429.
 (svg-inkscape/UserFitnessChallenge_UseCase_svg-tex.pdf_tex
<./svg-inkscape/UserFitnessChallenge_UseCase_svg-tex.pdf, id=341, page=1, 764.10469pt x 466.74374pt>
File: ./svg-inkscape/UserFitnessChallenge_UseCase_svg-tex.pdf Graphic file (type pdf)
<use ./svg-inkscape/UserFitnessChallenge_UseCase_svg-tex.pdf, page 1>
Package pdftex.def Info: ./svg-inkscape/UserFitnessChallenge_UseCase_svg-tex.pdf , page1 used on input line 56.
(pdftex.def)             Requested size: 764.1047pt x 466.76396pt.
) [13

 <./svg-inkscape/UserFitnessChallenge_UseCase_svg-tex.pdf>]
Package svg Info: Last page of `./svg-inkscape/UserFitnessChallenge_Activity_svg-tex.pdf' is 1 on input line 442.
 (svg-inkscape/UserFitnessChallenge_Activity_svg-tex.pdf_tex
<./svg-inkscape/UserFitnessChallenge_Activity_svg-tex.pdf, id=726, page=1, 793.46437pt x 915.42pt>
File: ./svg-inkscape/UserFitnessChallenge_Activity_svg-tex.pdf Graphic file (type pdf)
<use ./svg-inkscape/UserFitnessChallenge_Activity_svg-tex.pdf, page 1>
Package pdftex.def Info: ./svg-inkscape/UserFitnessChallenge_Activity_svg-tex.pdf , page1 used on input line 56.
(pdftex.def)             Requested size: 793.4644pt x 915.4457pt.
) [14 <./svg-inkscape/UserFitnessChallenge_Activity_svg-tex.pdf>]
Package svg Info: Last page of `./svg-inkscape/UserFitnessChallenge_Class_svg-tex.pdf' is 1 on input line 454.
 (svg-inkscape/UserFitnessChallenge_Class_svg-tex.pdf_tex
<./svg-inkscape/UserFitnessChallenge_Class_svg-tex.pdf, id=1244, page=1, 710.655pt x 471.26062pt>
File: ./svg-inkscape/UserFitnessChallenge_Class_svg-tex.pdf Graphic file (type pdf)
<use ./svg-inkscape/UserFitnessChallenge_Class_svg-tex.pdf, page 1>
Package pdftex.def Info: ./svg-inkscape/UserFitnessChallenge_Class_svg-tex.pdf , page1 used on input line 56.
(pdftex.def)             Requested size: 710.65497pt x 471.27385pt.
) [15


 <./svg-inkscape/UserFitnessChallenge_Class_svg-tex.pdf>]
Package svg Info: Last page of `./svg-inkscape/UserFitnessChallenge_Sequence_svg-tex.pdf' is 1 on input line 466.
 (svg-inkscape/UserFitnessChallenge_Sequence_svg-tex.pdf_tex
<./svg-inkscape/UserFitnessChallenge_Sequence_svg-tex.pdf, id=1730, page=1, 854.44218pt x 773.89125pt>
File: ./svg-inkscape/UserFitnessChallenge_Sequence_svg-tex.pdf Graphic file (type pdf)
<use ./svg-inkscape/UserFitnessChallenge_Sequence_svg-tex.pdf, page 1>
Package pdftex.def Info: ./svg-inkscape/UserFitnessChallenge_Sequence_svg-tex.pdf , page1 used on input line 56.
(pdftex.def)             Requested size: 854.44221pt x 773.88936pt.
) [16

 <./svg-inkscape/UserFitnessChallenge_Sequence_svg-tex.pdf>] [17

]
Package svg Info: Last page of `./svg-inkscape/MedicationReminder_UseCase_svg-tex.pdf' is 1 on input line 531.
 (svg-inkscape/MedicationReminder_UseCase_svg-tex.pdf_tex
<./svg-inkscape/MedicationReminder_UseCase_svg-tex.pdf, id=2251, page=1, 867.24pt x 530.73282pt>
File: ./svg-inkscape/MedicationReminder_UseCase_svg-tex.pdf Graphic file (type pdf)
<use ./svg-inkscape/MedicationReminder_UseCase_svg-tex.pdf, page 1>
Package pdftex.def Info: ./svg-inkscape/MedicationReminder_UseCase_svg-tex.pdf , page1 used on input line 56.
(pdftex.def)             Requested size: 867.23999pt x 530.75581pt.
) [18

 <./svg-inkscape/MedicationReminder_UseCase_svg-tex.pdf>]
Package svg Info: Last page of `./svg-inkscape/MedicationReminder_Activity_svg-tex.pdf' is 1 on input line 544.
 (svg-inkscape/MedicationReminder_Activity_svg-tex.pdf_tex
<./svg-inkscape/MedicationReminder_Activity_svg-tex.pdf, id=2643, page=1, 1020.81375pt x 1483.79344pt>
File: ./svg-inkscape/MedicationReminder_Activity_svg-tex.pdf Graphic file (type pdf)
<use ./svg-inkscape/MedicationReminder_Activity_svg-tex.pdf, page 1>
Package pdftex.def Info: ./svg-inkscape/MedicationReminder_Activity_svg-tex.pdf , page1 used on input line 56.
(pdftex.def)             Requested size: 1020.81374pt x 1483.88039pt.
)

LaTeX Warning: Float too large for page by 54.26152pt on input line 548.

[19 <./svg-inkscape/MedicationReminder_Activity_svg-tex.pdf>]
Package svg Info: Last page of `./svg-inkscape/MedicationReminder_Class_svg-tex.pdf' is 1 on input line 556.
 (svg-inkscape/MedicationReminder_Class_svg-tex.pdf_tex
<./svg-inkscape/MedicationReminder_Class_svg-tex.pdf, id=3190, page=1, 713.66624pt x 456.95718pt>
File: ./svg-inkscape/MedicationReminder_Class_svg-tex.pdf Graphic file (type pdf)
<use ./svg-inkscape/MedicationReminder_Class_svg-tex.pdf, page 1>
Package pdftex.def Info: ./svg-inkscape/MedicationReminder_Class_svg-tex.pdf , page1 used on input line 56.
(pdftex.def)             Requested size: 713.66624pt x 456.97696pt.
) [20


 <./svg-inkscape/MedicationReminder_Class_svg-tex.pdf>]
Package svg Info: Last page of `./svg-inkscape/MedicationReminder_Sequence_svg-tex.pdf' is 1 on input line 568.
 (svg-inkscape/MedicationReminder_Sequence_svg-tex.pdf_tex
<./svg-inkscape/MedicationReminder_Sequence_svg-tex.pdf, id=3591, page=1, 1199.23032pt x 1404.74812pt>
File: ./svg-inkscape/MedicationReminder_Sequence_svg-tex.pdf Graphic file (type pdf)
<use ./svg-inkscape/MedicationReminder_Sequence_svg-tex.pdf, page 1>
Package pdftex.def Info: ./svg-inkscape/MedicationReminder_Sequence_svg-tex.pdf , page1 used on input line 56.
(pdftex.def)             Requested size: 1199.2303pt x 1404.85187pt.
) [21 <./svg-inkscape/MedicationReminder_Sequence_svg-tex.pdf>] [22


]
Package svg Info: Last page of `./svg-inkscape/WaterIntakeSystem_UseCase_svg-tex.pdf' is 1 on input line 637.
 (svg-inkscape/WaterIntakeSystem_UseCase_svg-tex.pdf_tex
<./svg-inkscape/WaterIntakeSystem_UseCase_svg-tex.pdf, id=4366, page=1, 858.20625pt x 529.98pt>
File: ./svg-inkscape/WaterIntakeSystem_UseCase_svg-tex.pdf Graphic file (type pdf)
<use ./svg-inkscape/WaterIntakeSystem_UseCase_svg-tex.pdf, page 1>
Package pdftex.def Info: ./svg-inkscape/WaterIntakeSystem_UseCase_svg-tex.pdf , page1 used on input line 56.
(pdftex.def)             Requested size: 858.20624pt x 529.98676pt.
) [23

 <./svg-inkscape/WaterIntakeSystem_UseCase_svg-tex.pdf>]
Package svg Info: Last page of `./svg-inkscape/WaterIntakeSystem_Activity_svg-tex.pdf' is 1 on input line 649.
 (svg-inkscape/WaterIntakeSystem_Activity_svg-tex.pdf_tex
<./svg-inkscape/WaterIntakeSystem_Activity_svg-tex.pdf, id=4756, page=1, 1157.82562pt x 1147.28625pt>
File: ./svg-inkscape/WaterIntakeSystem_Activity_svg-tex.pdf Graphic file (type pdf)
<use ./svg-inkscape/WaterIntakeSystem_Activity_svg-tex.pdf, page 1>
Package pdftex.def Info: ./svg-inkscape/WaterIntakeSystem_Activity_svg-tex.pdf , page1 used on input line 56.
(pdftex.def)             Requested size: 1157.82567pt x 1147.35347pt.
) [24

 <./svg-inkscape/WaterIntakeSystem_Activity_svg-tex.pdf>]
Package svg Info: Last page of `./svg-inkscape/WaterIntakeSystem_Class_svg-tex.pdf' is 1 on input line 661.
 (svg-inkscape/WaterIntakeSystem_Class_svg-tex.pdf_tex
<./svg-inkscape/WaterIntakeSystem_Class_svg-tex.pdf, id=5439, page=1, 894.34125pt x 393.72093pt>
File: ./svg-inkscape/WaterIntakeSystem_Class_svg-tex.pdf Graphic file (type pdf)
<use ./svg-inkscape/WaterIntakeSystem_Class_svg-tex.pdf, page 1>
Package pdftex.def Info: ./svg-inkscape/WaterIntakeSystem_Class_svg-tex.pdf , page1 used on input line 56.
(pdftex.def)             Requested size: 894.34125pt x 393.73198pt.
) [25

 <./svg-inkscape/WaterIntakeSystem_Class_svg-tex.pdf>]
Package svg Info: Last page of `./svg-inkscape/WaterIntakeSystem_Sequence_svg-tex.pdf' is 1 on input line 673.
 (svg-inkscape/WaterIntakeSystem_Sequence_svg-tex.pdf_tex
<./svg-inkscape/WaterIntakeSystem_Sequence_svg-tex.pdf, id=6003, page=1, 854.44218pt x 1014.03844pt>
File: ./svg-inkscape/WaterIntakeSystem_Sequence_svg-tex.pdf Graphic file (type pdf)
<use ./svg-inkscape/WaterIntakeSystem_Sequence_svg-tex.pdf, page 1>
Package pdftex.def Info: ./svg-inkscape/WaterIntakeSystem_Sequence_svg-tex.pdf , page1 used on input line 56.
(pdftex.def)             Requested size: 854.44221pt x 1014.03596pt.
) [26 <./svg-inkscape/WaterIntakeSystem_Sequence_svg-tex.pdf>]
Package svg Info: Last page of `./svg-inkscape/WaterIntakeSystem_svg-tex.pdf' is 1 on input line 685.
 (svg-inkscape/WaterIntakeSystem_svg-tex.pdf_tex
<./svg-inkscape/WaterIntakeSystem_svg-tex.pdf, id=6575, page=1, 749.04843pt x 907.89188pt>
File: ./svg-inkscape/WaterIntakeSystem_svg-tex.pdf Graphic file (type pdf)
<use ./svg-inkscape/WaterIntakeSystem_svg-tex.pdf, page 1>
Package pdftex.def Info: ./svg-inkscape/WaterIntakeSystem_svg-tex.pdf , page1 used on input line 56.
(pdftex.def)             Requested size: 749.04843pt x 907.94507pt.
) [27 <./svg-inkscape/WaterIntakeSystem_svg-tex.pdf>] [28



]
Package svg Info: Last page of `./svg-inkscape/MoodLevelTracker_UseCase_svg-tex.pdf' is 1 on input line 746.
 (svg-inkscape/MoodLevelTracker_UseCase_svg-tex.pdf_tex
<./svg-inkscape/MoodLevelTracker_UseCase_svg-tex.pdf, id=6591, page=1, 767.11594pt x 461.47406pt>
File: ./svg-inkscape/MoodLevelTracker_UseCase_svg-tex.pdf Graphic file (type pdf)
<use ./svg-inkscape/MoodLevelTracker_UseCase_svg-tex.pdf, page 1>
Package pdftex.def Info: ./svg-inkscape/MoodLevelTracker_UseCase_svg-tex.pdf , page1 used on input line 56.
(pdftex.def)             Requested size: 767.1159pt x 461.50107pt.
) [29

 <./svg-inkscape/MoodLevelTracker_UseCase_svg-tex.pdf>]
Package svg Info: Last page of `./svg-inkscape/MoodLevelTracker_Activity_svg-tex.pdf' is 1 on input line 760.
 (svg-inkscape/MoodLevelTracker_Activity_svg-tex.pdf_tex
<./svg-inkscape/MoodLevelTracker_Activity_svg-tex.pdf, id=6995, page=1, 1168.365pt x 852.18375pt>
File: ./svg-inkscape/MoodLevelTracker_Activity_svg-tex.pdf Graphic file (type pdf)
<use ./svg-inkscape/MoodLevelTracker_Activity_svg-tex.pdf, page 1>
Package pdftex.def Info: ./svg-inkscape/MoodLevelTracker_Activity_svg-tex.pdf , page1 used on input line 56.
(pdftex.def)             Requested size: 1168.36494pt x 852.25967pt.
) [30

 <./svg-inkscape/MoodLevelTracker_Activity_svg-tex.pdf>]
Package svg Info: Last page of `./svg-inkscape/MoodLevelTracker_Class_svg-tex.pdf' is 1 on input line 772.
 (svg-inkscape/MoodLevelTracker_Class_svg-tex.pdf_tex
<./svg-inkscape/MoodLevelTracker_Class_svg-tex.pdf, id=7576, page=1, 733.23938pt x 467.49657pt>
File: ./svg-inkscape/MoodLevelTracker_Class_svg-tex.pdf Graphic file (type pdf)
<use ./svg-inkscape/MoodLevelTracker_Class_svg-tex.pdf, page 1>
Package pdftex.def Info: ./svg-inkscape/MoodLevelTracker_Class_svg-tex.pdf , page1 used on input line 56.
(pdftex.def)             Requested size: 733.23933pt x 467.52394pt.
) [31

 <./svg-inkscape/MoodLevelTracker_Class_svg-tex.pdf>]
Package svg Info: Last page of `./svg-inkscape/MoodLevelTracker_Sequence_svg-tex.pdf' is 1 on input line 784.
 (svg-inkscape/MoodLevelTracker_Sequence_svg-tex.pdf_tex
<./svg-inkscape/MoodLevelTracker_Sequence_svg-tex.pdf, id=8041, page=1, 1131.47719pt x 1265.47781pt>
File: ./svg-inkscape/MoodLevelTracker_Sequence_svg-tex.pdf Graphic file (type pdf)
<use ./svg-inkscape/MoodLevelTracker_Sequence_svg-tex.pdf, page 1>
Package pdftex.def Info: ./svg-inkscape/MoodLevelTracker_Sequence_svg-tex.pdf , page1 used on input line 56.
(pdftex.def)             Requested size: 1131.47717pt x 1265.57127pt.
) [32 <./svg-inkscape/MoodLevelTracker_Sequence_svg-tex.pdf>] [33


]
Package svg Info: Last page of `./svg-inkscape/ShareWorkoutAchievement_usecase_svg-tex.pdf' is 1 on input line 846.
 (svg-inkscape/ShareWorkoutAchievement_usecase_svg-tex.pdf_tex
<./svg-inkscape/ShareWorkoutAchievement_usecase_svg-tex.pdf, id=8770, page=1, 551.05875pt x 385.44pt>
File: ./svg-inkscape/ShareWorkoutAchievement_usecase_svg-tex.pdf Graphic file (type pdf)
<use ./svg-inkscape/ShareWorkoutAchievement_usecase_svg-tex.pdf, page 1>
Package pdftex.def Info: ./svg-inkscape/ShareWorkoutAchievement_usecase_svg-tex.pdf , page1 used on input line 56.
(pdftex.def)             Requested size: 551.05875pt x 385.47433pt.
) [34

 <./svg-inkscape/ShareWorkoutAchievement_usecase_svg-tex.pdf>]
Package svg Info: Last page of `./svg-inkscape/ShareWorkoutAchievement_activity_svg-tex.pdf' is 1 on input line 863.
 (svg-inkscape/ShareWorkoutAchievement_activity_svg-tex.pdf_tex
<./svg-inkscape/ShareWorkoutAchievement_activity_svg-tex.pdf, id=9171, page=1, 657.2053pt x 464.4853pt>
File: ./svg-inkscape/ShareWorkoutAchievement_activity_svg-tex.pdf Graphic file (type pdf)
<use ./svg-inkscape/ShareWorkoutAchievement_activity_svg-tex.pdf, page 1>
Package pdftex.def Info: ./svg-inkscape/ShareWorkoutAchievement_activity_svg-tex.pdf , page1 used on input line 56.
(pdftex.def)             Requested size: 657.2053pt x 464.49126pt.
) [35

 <./svg-inkscape/ShareWorkoutAchievement_activity_svg-tex.pdf>]
Package svg Info: Last page of `./svg-inkscape/ShareWorkoutAchievement_class_svg-tex.pdf' is 1 on input line 880.
 (svg-inkscape/ShareWorkoutAchievement_class_svg-tex.pdf_tex
<./svg-inkscape/ShareWorkoutAchievement_class_svg-tex.pdf, id=9584, page=1, 387.69844pt x 351.56343pt>
File: ./svg-inkscape/ShareWorkoutAchievement_class_svg-tex.pdf Graphic file (type pdf)
<use ./svg-inkscape/ShareWorkoutAchievement_class_svg-tex.pdf, page 1>
Package pdftex.def Info: ./svg-inkscape/ShareWorkoutAchievement_class_svg-tex.pdf , page1 used on input line 56.
(pdftex.def)             Requested size: 387.69844pt x 351.56792pt.
) [36 <./svg-inkscape/ShareWorkoutAchievement_class_svg-tex.pdf>]
Package svg Info: Last page of `./svg-inkscape/ShareWorkoutAchievement_sequence_svg-tex.pdf' is 1 on input line 897.
 (svg-inkscape/ShareWorkoutAchievement_sequence_svg-tex.pdf_tex
<./svg-inkscape/ShareWorkoutAchievement_sequence_svg-tex.pdf, id=9987, page=1, 798.73407pt x 825.83531pt>
File: ./svg-inkscape/ShareWorkoutAchievement_sequence_svg-tex.pdf Graphic file (type pdf)
<use ./svg-inkscape/ShareWorkoutAchievement_sequence_svg-tex.pdf, page 1>
Package pdftex.def Info: ./svg-inkscape/ShareWorkoutAchievement_sequence_svg-tex.pdf , page1 used on input line 56.
(pdftex.def)             Requested size: 798.73402pt x 825.8711pt.
) [37 <./svg-inkscape/ShareWorkoutAchievement_sequence_svg-tex.pdf>] [38



]
Package svg Info: Last page of `./svg-inkscape/NutritionalTracking_usecase_svg-tex.pdf' is 1 on input line 963.
 (svg-inkscape/NutritionalTracking_usecase_svg-tex.pdf_tex
<./svg-inkscape/NutritionalTracking_usecase_svg-tex.pdf, id=10508, page=1, 540.51938pt x 311.66437pt>
File: ./svg-inkscape/NutritionalTracking_usecase_svg-tex.pdf Graphic file (type pdf)
<use ./svg-inkscape/NutritionalTracking_usecase_svg-tex.pdf, page 1>
Package pdftex.def Info: ./svg-inkscape/NutritionalTracking_usecase_svg-tex.pdf , page1 used on input line 56.
(pdftex.def)             Requested size: 540.51935pt x 311.67311pt.
) [39

 <./svg-inkscape/NutritionalTracking_usecase_svg-tex.pdf>]
Package svg Info: Last page of `./svg-inkscape/NutritionalTracking_activity_svg-tex.pdf' is 1 on input line 981.
 (svg-inkscape/NutritionalTracking_activity_svg-tex.pdf_tex
<./svg-inkscape/NutritionalTracking_activity_svg-tex.pdf, id=10916, page=1, 493.845pt x 392.96812pt>
File: ./svg-inkscape/NutritionalTracking_activity_svg-tex.pdf Graphic file (type pdf)
<use ./svg-inkscape/NutritionalTracking_activity_svg-tex.pdf, page 1>
Package pdftex.def Info: ./svg-inkscape/NutritionalTracking_activity_svg-tex.pdf , page1 used on input line 56.
(pdftex.def)             Requested size: 493.845pt x 392.96715pt.
) [40

 <./svg-inkscape/NutritionalTracking_activity_svg-tex.pdf>]
Package svg Info: Last page of `./svg-inkscape/NutritionalTracking_class_svg-tex.pdf' is 1 on input line 998.
 (svg-inkscape/NutritionalTracking_class_svg-tex.pdf_tex
<./svg-inkscape/NutritionalTracking_class_svg-tex.pdf, id=11274, page=1, 435.12563pt x 374.14781pt>
File: ./svg-inkscape/NutritionalTracking_class_svg-tex.pdf Graphic file (type pdf)
<use ./svg-inkscape/NutritionalTracking_class_svg-tex.pdf, page 1>
Package pdftex.def Info: ./svg-inkscape/NutritionalTracking_class_svg-tex.pdf , page1 used on input line 56.
(pdftex.def)             Requested size: 435.12563pt x 374.16971pt.
) [41

 <./svg-inkscape/NutritionalTracking_class_svg-tex.pdf>]
Package svg Info: Last page of `./svg-inkscape/NutritionalTracking_sequence_svg-tex.pdf' is 1 on input line 1014.
 (svg-inkscape/NutritionalTracking_sequence_svg-tex.pdf_tex
<./svg-inkscape/NutritionalTracking_sequence_svg-tex.pdf, id=11730, page=1, 646.66594pt x 938.75719pt>
File: ./svg-inkscape/NutritionalTracking_sequence_svg-tex.pdf Graphic file (type pdf)
<use ./svg-inkscape/NutritionalTracking_sequence_svg-tex.pdf, page 1>
Package pdftex.def Info: ./svg-inkscape/NutritionalTracking_sequence_svg-tex.pdf , page1 used on input line 56.
(pdftex.def)             Requested size: 388.00351pt x 563.25867pt.
) [42 <./svg-inkscape/NutritionalTracking_sequence_svg-tex.pdf>]
Package svg Info: Last page of `./svg-inkscape/Show nutritient and calories_svg-tex.pdf' is 1 on input line 1026.
 (svg-inkscape/Show nutritient and calories_svg-tex.pdf_tex
<./svg-inkscape/Show nutritient and calories_svg-tex.pdf, id=12368, page=1, 149.05687pt x 182.18062pt>
File: ./svg-inkscape/Show nutritient and calories_svg-tex.pdf Graphic file (type pdf)
<use ./svg-inkscape/Show nutritient and calories_svg-tex.pdf, page 1>
Package pdftex.def Info: ./svg-inkscape/Show nutritient and calories_svg-tex.pdf , page1 used on input line 56.
(pdftex.def)             Requested size: 149.05687pt x 182.19127pt.
) [43 <./svg-inkscape/Show nutritient and calories_svg-tex.pdf>] [44



]
Package svg Info: Last page of `./svg-inkscape/AppearenceTheme_usecase_svg-tex.pdf' is 1 on input line 1087.
 (svg-inkscape/AppearenceTheme_usecase_svg-tex.pdf_tex
<./svg-inkscape/AppearenceTheme_usecase_svg-tex.pdf, id=12775, page=1, 551.05875pt x 341.02406pt>
File: ./svg-inkscape/AppearenceTheme_usecase_svg-tex.pdf Graphic file (type pdf)
<use ./svg-inkscape/AppearenceTheme_usecase_svg-tex.pdf, page 1>
Package pdftex.def Info: ./svg-inkscape/AppearenceTheme_usecase_svg-tex.pdf , page1 used on input line 56.
(pdftex.def)             Requested size: 551.05875pt x 341.05444pt.
) [45

 <./svg-inkscape/AppearenceTheme_usecase_svg-tex.pdf>]
Package svg Info: Last page of `./svg-inkscape/AppearenceTheme_activity_svg-tex.pdf' is 1 on input line 1102.
 (svg-inkscape/AppearenceTheme_activity_svg-tex.pdf_tex
<./svg-inkscape/AppearenceTheme_activity_svg-tex.pdf, id=13199, page=1, 455.45157pt x 375.65344pt>
File: ./svg-inkscape/AppearenceTheme_activity_svg-tex.pdf Graphic file (type pdf)
<use ./svg-inkscape/AppearenceTheme_activity_svg-tex.pdf, page 1>
Package pdftex.def Info: ./svg-inkscape/AppearenceTheme_activity_svg-tex.pdf , page1 used on input line 56.
(pdftex.def)             Requested size: 455.45157pt x 375.66397pt.
) [46

 <./svg-inkscape/AppearenceTheme_activity_svg-tex.pdf>]
Package svg Info: Last page of `./svg-inkscape/AppearenceTheme_class_svg-tex.pdf' is 1 on input line 1118.
 (svg-inkscape/AppearenceTheme_class_svg-tex.pdf_tex
<./svg-inkscape/AppearenceTheme_class_svg-tex.pdf, id=13586, page=1, 398.23781pt x 264.23718pt>
File: ./svg-inkscape/AppearenceTheme_class_svg-tex.pdf Graphic file (type pdf)
<use ./svg-inkscape/AppearenceTheme_class_svg-tex.pdf, page 1>
Package pdftex.def Info: ./svg-inkscape/AppearenceTheme_class_svg-tex.pdf , page1 used on input line 56.
(pdftex.def)             Requested size: 398.2378pt x 264.24861pt.
) [47

 <./svg-inkscape/AppearenceTheme_class_svg-tex.pdf>]
Package svg Info: Last page of `./svg-inkscape/AppearenceTheme_sequence_svg-tex.pdf' is 1 on input line 1134.
 (svg-inkscape/AppearenceTheme_sequence_svg-tex.pdf_tex
<./svg-inkscape/AppearenceTheme_sequence_svg-tex.pdf, id=13970, page=1, 647.41875pt x 996.72375pt>
File: ./svg-inkscape/AppearenceTheme_sequence_svg-tex.pdf Graphic file (type pdf)
<use ./svg-inkscape/AppearenceTheme_sequence_svg-tex.pdf, page 1>
Package pdftex.def Info: ./svg-inkscape/AppearenceTheme_sequence_svg-tex.pdf , page1 used on input line 56.
(pdftex.def)             Requested size: 647.41872pt x 996.78215pt.
) [48 <./svg-inkscape/AppearenceTheme_sequence_svg-tex.pdf>] [49


]
Package svg Info: Last page of `./svg-inkscape/Stopwatch_usecase_svg-tex.pdf' is 1 on input line 1195.
 (svg-inkscape/Stopwatch_usecase_svg-tex.pdf_tex
<./svg-inkscape/Stopwatch_usecase_svg-tex.pdf, id=14698, page=1, 583.42969pt x 388.45125pt>
File: ./svg-inkscape/Stopwatch_usecase_svg-tex.pdf Graphic file (type pdf)
<use ./svg-inkscape/Stopwatch_usecase_svg-tex.pdf, page 1>
Package pdftex.def Info: ./svg-inkscape/Stopwatch_usecase_svg-tex.pdf , page1 used on input line 56.
(pdftex.def)             Requested size: 583.42972pt x 388.48584pt.
) [50

 <./svg-inkscape/Stopwatch_usecase_svg-tex.pdf>]
Package svg Info: Last page of `./svg-inkscape/Stopwatch_activity_svg-tex.pdf' is 1 on input line 1211.
 (svg-inkscape/Stopwatch_activity_svg-tex.pdf_tex
<./svg-inkscape/Stopwatch_activity_svg-tex.pdf, id=15128, page=1, 481.04718pt x 347.04657pt>
File: ./svg-inkscape/Stopwatch_activity_svg-tex.pdf Graphic file (type pdf)
<use ./svg-inkscape/Stopwatch_activity_svg-tex.pdf, page 1>
Package pdftex.def Info: ./svg-inkscape/Stopwatch_activity_svg-tex.pdf , page1 used on input line 56.
(pdftex.def)             Requested size: 481.04718pt x 347.0563pt.
) [51

 <./svg-inkscape/Stopwatch_activity_svg-tex.pdf>]
Package svg Info: Last page of `./svg-inkscape/Stopwatch_class_svg-tex.pdf' is 1 on input line 1227.
 (svg-inkscape/Stopwatch_class_svg-tex.pdf_tex
<./svg-inkscape/Stopwatch_class_svg-tex.pdf, id=15465, page=1, 475.02469pt x 166.37157pt>
File: ./svg-inkscape/Stopwatch_class_svg-tex.pdf Graphic file (type pdf)
<use ./svg-inkscape/Stopwatch_class_svg-tex.pdf, page 1>
Package pdftex.def Info: ./svg-inkscape/Stopwatch_class_svg-tex.pdf , page1 used on input line 56.
(pdftex.def)             Requested size: 475.02466pt x 166.37875pt.
) [52

 <./svg-inkscape/Stopwatch_class_svg-tex.pdf>]
Package svg Info: Last page of `./svg-inkscape/Stopwatch_sequence_svg-tex.pdf' is 1 on input line 1245.
 (svg-inkscape/Stopwatch_sequence_svg-tex.pdf_tex
<./svg-inkscape/Stopwatch_sequence_svg-tex.pdf, id=15800, page=1, 492.33937pt x 600.74437pt>
File: ./svg-inkscape/Stopwatch_sequence_svg-tex.pdf Graphic file (type pdf)
<use ./svg-inkscape/Stopwatch_sequence_svg-tex.pdf, page 1>
Package pdftex.def Info: ./svg-inkscape/Stopwatch_sequence_svg-tex.pdf , page1 used on input line 56.
(pdftex.def)             Requested size: 492.33937pt x 600.7704pt.
) [53 <./svg-inkscape/Stopwatch_sequence_svg-tex.pdf>] [54


]
Package svg Info: Last page of `./svg-inkscape/HealthRecommendation_usecase_svg-tex.pdf' is 1 on input line 1306.
 (svg-inkscape/HealthRecommendation_usecase_svg-tex.pdf_tex
<./svg-inkscape/HealthRecommendation_usecase_svg-tex.pdf, id=16306, page=1, 551.05875pt x 382.42876pt>
File: ./svg-inkscape/HealthRecommendation_usecase_svg-tex.pdf Graphic file (type pdf)
<use ./svg-inkscape/HealthRecommendation_usecase_svg-tex.pdf, page 1>
Package pdftex.def Info: ./svg-inkscape/HealthRecommendation_usecase_svg-tex.pdf , page1 used on input line 56.
(pdftex.def)             Requested size: 551.05875pt x 382.46281pt.
) [55 <./svg-inkscape/HealthRecommendation_usecase_svg-tex.pdf>]
Package svg Info: Last page of `./svg-inkscape/HealthRecommendation__activity_svg-tex.pdf' is 1 on input line 1319.
 (svg-inkscape/HealthRecommendation__activity_svg-tex.pdf_tex
<./svg-inkscape/HealthRecommendation__activity_svg-tex.pdf, id=16765, page=1, 545.78906pt x 456.20438pt>
File: ./svg-inkscape/HealthRecommendation__activity_svg-tex.pdf Graphic file (type pdf)
<use ./svg-inkscape/HealthRecommendation__activity_svg-tex.pdf, page 1>
Package pdftex.def Info: ./svg-inkscape/HealthRecommendation__activity_svg-tex.pdf , page1 used on input line 56.
(pdftex.def)             Requested size: 545.78908pt x 456.23108pt.
) [56

 <./svg-inkscape/HealthRecommendation__activity_svg-tex.pdf>]
Package svg Info: Last page of `./svg-inkscape/HealthRecommendation_class_svg-tex.pdf' is 1 on input line 1331.
 (svg-inkscape/HealthRecommendation_class_svg-tex.pdf_tex
<./svg-inkscape/HealthRecommendation_class_svg-tex.pdf, id=17175, page=1, 609.77812pt x 288.3272pt>
File: ./svg-inkscape/HealthRecommendation_class_svg-tex.pdf Graphic file (type pdf)
<use ./svg-inkscape/HealthRecommendation_class_svg-tex.pdf, page 1>
Package pdftex.def Info: ./svg-inkscape/HealthRecommendation_class_svg-tex.pdf , page1 used on input line 56.
(pdftex.def)             Requested size: 609.77812pt x 288.33966pt.
) [57

 <./svg-inkscape/HealthRecommendation_class_svg-tex.pdf>]
Package svg Info: Last page of `./svg-inkscape/HealthRecommendation_sequence_svg-tex.pdf' is 1 on input line 1344.
 (svg-inkscape/HealthRecommendation_sequence_svg-tex.pdf_tex
<./svg-inkscape/HealthRecommendation_sequence_svg-tex.pdf, id=17628, page=1, 636.87938pt x 776.9025pt>
File: ./svg-inkscape/HealthRecommendation_sequence_svg-tex.pdf Graphic file (type pdf)
<use ./svg-inkscape/HealthRecommendation_sequence_svg-tex.pdf, page 1>
Package pdftex.def Info: ./svg-inkscape/HealthRecommendation_sequence_svg-tex.pdf , page1 used on input line 56.
(pdftex.def)             Requested size: 636.87936pt x 776.90059pt.
) [58 <./svg-inkscape/HealthRecommendation_sequence_svg-tex.pdf>]
Package svg Info: Last page of `./svg-inkscape/HealthRecommendation_svg-tex.pdf' is 1 on input line 1356.
 (svg-inkscape/HealthRecommendation_svg-tex.pdf_tex
<./svg-inkscape/HealthRecommendation_svg-tex.pdf, id=18153, page=1, 149.05687pt x 182.18062pt>
File: ./svg-inkscape/HealthRecommendation_svg-tex.pdf Graphic file (type pdf)
<use ./svg-inkscape/HealthRecommendation_svg-tex.pdf, page 1>
Package pdftex.def Info: ./svg-inkscape/HealthRecommendation_svg-tex.pdf , page1 used on input line 56.
(pdftex.def)             Requested size: 149.05687pt x 182.19127pt.
) [59 <./svg-inkscape/HealthRecommendation_svg-tex.pdf>] [60



]
Package svg Info: Last page of `./svg-inkscape/LockScreen_usecase_svg-tex.pdf' is 1 on input line 1416.
 (svg-inkscape/LockScreen_usecase_svg-tex.pdf_tex
<./svg-inkscape/LockScreen_usecase_svg-tex.pdf, id=18229, page=1, 503.63156pt x 319.94531pt>
File: ./svg-inkscape/LockScreen_usecase_svg-tex.pdf Graphic file (type pdf)
<use ./svg-inkscape/LockScreen_usecase_svg-tex.pdf, page 1>
Package pdftex.def Info: ./svg-inkscape/LockScreen_usecase_svg-tex.pdf , page1 used on input line 56.
(pdftex.def)             Requested size: 503.63156pt x 319.94452pt.
) [61 <./svg-inkscape/LockScreen_usecase_svg-tex.pdf>]
Package svg Info: Last page of `./svg-inkscape/LockScreen_activity_svg-tex.pdf' is 1 on input line 1429.
 (svg-inkscape/LockScreen_activity_svg-tex.pdf_tex
<./svg-inkscape/LockScreen_activity_svg-tex.pdf, id=18561, page=1, 353.82187pt x 619.56468pt>
File: ./svg-inkscape/LockScreen_activity_svg-tex.pdf Graphic file (type pdf)
<use ./svg-inkscape/LockScreen_activity_svg-tex.pdf, page 1>
Package pdftex.def Info: ./svg-inkscape/LockScreen_activity_svg-tex.pdf , page1 used on input line 56.
(pdftex.def)             Requested size: 353.82188pt x 619.5726pt.
) [62 <./svg-inkscape/LockScreen_activity_svg-tex.pdf>]
Package svg Info: Last page of `./svg-inkscape/LockScreen_class_svg-tex.pdf' is 1 on input line 1441.
 (svg-inkscape/LockScreen_class_svg-tex.pdf_tex
<./svg-inkscape/LockScreen_class_svg-tex.pdf, id=18919, page=1, 467.49657pt x 300.3722pt>
File: ./svg-inkscape/LockScreen_class_svg-tex.pdf Graphic file (type pdf)
<use ./svg-inkscape/LockScreen_class_svg-tex.pdf, page 1>
Package pdftex.def Info: ./svg-inkscape/LockScreen_class_svg-tex.pdf , page1 used on input line 56.
(pdftex.def)             Requested size: 467.49655pt x 300.3852pt.
) [63


 <./svg-inkscape/LockScreen_class_svg-tex.pdf>]
Package svg Info: Last page of `./svg-inkscape/LockScreen_sequence_svg-tex.pdf' is 1 on input line 1454.
 (svg-inkscape/LockScreen_sequence_svg-tex.pdf_tex
<./svg-inkscape/LockScreen_sequence_svg-tex.pdf, id=19414, page=1, 623.32875pt x 926.71219pt>
File: ./svg-inkscape/LockScreen_sequence_svg-tex.pdf Graphic file (type pdf)
<use ./svg-inkscape/LockScreen_sequence_svg-tex.pdf, page 1>
Package pdftex.def Info: ./svg-inkscape/LockScreen_sequence_svg-tex.pdf , page1 used on input line 56.
(pdftex.def)             Requested size: 623.32874pt x 926.72406pt.
)

LaTeX Warning: Float too large for page by 20.1522pt on input line 1459.

[64 <./svg-inkscape/LockScreen_sequence_svg-tex.pdf>] [65


]
Package svg Info: Last page of `./svg-inkscape/Calculator_usecase_svg-tex.pdf' is 1 on input line 1512.
 (svg-inkscape/Calculator_usecase_svg-tex.pdf_tex
<./svg-inkscape/Calculator_usecase_svg-tex.pdf, id=20042, page=1, 520.94624pt x 335.75438pt>
File: ./svg-inkscape/Calculator_usecase_svg-tex.pdf Graphic file (type pdf)
<use ./svg-inkscape/Calculator_usecase_svg-tex.pdf, page 1>
Package pdftex.def Info: ./svg-inkscape/Calculator_usecase_svg-tex.pdf , page1 used on input line 56.
(pdftex.def)             Requested size: 520.94626pt x 335.75867pt.
) [66 <./svg-inkscape/Calculator_usecase_svg-tex.pdf>]
Package svg Info: Last page of `./svg-inkscape/Calculator_activity_svg-tex.pdf' is 1 on input line 1525.
 (svg-inkscape/Calculator_activity_svg-tex.pdf_tex
<./svg-inkscape/Calculator_activity_svg-tex.pdf, id=20456, page=1, 350.05782pt x 551.05875pt>
File: ./svg-inkscape/Calculator_activity_svg-tex.pdf Graphic file (type pdf)
<use ./svg-inkscape/Calculator_activity_svg-tex.pdf, page 1>
Package pdftex.def Info: ./svg-inkscape/Calculator_activity_svg-tex.pdf , page1 used on input line 56.
(pdftex.def)             Requested size: 350.0578pt x 551.09102pt.
) [67 <./svg-inkscape/Calculator_activity_svg-tex.pdf>]
Package svg Info: Last page of `./svg-inkscape/Calculator_class_svg-tex.pdf' is 1 on input line 1537.
 (svg-inkscape/Calculator_class_svg-tex.pdf_tex
<./svg-inkscape/Calculator_class_svg-tex.pdf, id=20834, page=1, 371.88937pt x 250.68657pt>
File: ./svg-inkscape/Calculator_class_svg-tex.pdf Graphic file (type pdf)
<use ./svg-inkscape/Calculator_class_svg-tex.pdf, page 1>
Package pdftex.def Info: ./svg-inkscape/Calculator_class_svg-tex.pdf , page1 used on input line 56.
(pdftex.def)             Requested size: 371.88939pt x 250.69359pt.
) [68


 <./svg-inkscape/Calculator_class_svg-tex.pdf>]
Package svg Info: Last page of `./svg-inkscape/Calculator_sequence_svg-tex.pdf' is 1 on input line 1550.
 (svg-inkscape/Calculator_sequence_svg-tex.pdf_tex
<./svg-inkscape/Calculator_sequence_svg-tex.pdf, id=21148, page=1, 498.36188pt x 741.52031pt>
File: ./svg-inkscape/Calculator_sequence_svg-tex.pdf Graphic file (type pdf)
<use ./svg-inkscape/Calculator_sequence_svg-tex.pdf, page 1>
Package pdftex.def Info: ./svg-inkscape/Calculator_sequence_svg-tex.pdf , page1 used on input line 56.
(pdftex.def)             Requested size: 498.36188pt x 741.54112pt.
) [69 <./svg-inkscape/Calculator_sequence_svg-tex.pdf>] [70


]
Package svg Info: Last page of `./svg-inkscape/BioelecAnalysis_usecase_svg-tex.pdf' is 1 on input line 1607.
 (svg-inkscape/BioelecAnalysis_usecase_svg-tex.pdf_tex
<./svg-inkscape/BioelecAnalysis_usecase_svg-tex.pdf, id=21721, page=1, 496.85625pt x 371.88937pt>
File: ./svg-inkscape/BioelecAnalysis_usecase_svg-tex.pdf Graphic file (type pdf)
<use ./svg-inkscape/BioelecAnalysis_usecase_svg-tex.pdf, page 1>
Package pdftex.def Info: ./svg-inkscape/BioelecAnalysis_usecase_svg-tex.pdf , page1 used on input line 56.
(pdftex.def)             Requested size: 496.85625pt x 371.89412pt.
) [71 <./svg-inkscape/BioelecAnalysis_usecase_svg-tex.pdf>]
Package svg Info: Last page of `./svg-inkscape/BioelecAnalysis_activity_svg-tex.pdf' is 1 on input line 1620.
 (svg-inkscape/BioelecAnalysis_activity_svg-tex.pdf_tex
<./svg-inkscape/BioelecAnalysis_activity_svg-tex.pdf, id=22174, page=1, 354.57469pt x 567.62062pt>
File: ./svg-inkscape/BioelecAnalysis_activity_svg-tex.pdf Graphic file (type pdf)
<use ./svg-inkscape/BioelecAnalysis_activity_svg-tex.pdf, page 1>
Package pdftex.def Info: ./svg-inkscape/BioelecAnalysis_activity_svg-tex.pdf , page1 used on input line 56.
(pdftex.def)             Requested size: 354.57468pt x 567.63654pt.
) [72 <./svg-inkscape/BioelecAnalysis_activity_svg-tex.pdf>]
Package svg Info: Last page of `./svg-inkscape/BioelecAnalysis_class_svg-tex.pdf' is 1 on input line 1632.
 (svg-inkscape/BioelecAnalysis_class_svg-tex.pdf_tex
<./svg-inkscape/BioelecAnalysis_class_svg-tex.pdf, id=22531, page=1, 406.51875pt x 292.84406pt>
File: ./svg-inkscape/BioelecAnalysis_class_svg-tex.pdf Graphic file (type pdf)
<use ./svg-inkscape/BioelecAnalysis_class_svg-tex.pdf, page 1>
Package pdftex.def Info: ./svg-inkscape/BioelecAnalysis_class_svg-tex.pdf , page1 used on input line 56.
(pdftex.d