\BOOKMARK [1][-]{section.1}{\376\377\000S\000p\000r\000i\000n\000t\000\040\000R\000e\000v\000i\000e\000w\000\040\0001}{}% 1
\BOOKMARK [2][-]{subsection.1.1}{\376\377\000S\000p\000r\000i\000n\000t\000\040\000M\000e\000e\000t\000i\000n\000g\000\040\0001\000\040\000S\000u\000m\000m\000a\000r\000y}{section.1}% 2
\BOOKMARK [2][-]{subsection.1.2}{\376\377\000S\000p\000r\000i\000n\000t\000\040\000R\000e\000v\000i\000e\000w\000\040\0002}{section.1}% 3
\BOOKMARK [2][-]{subsection.1.3}{\376\377\000S\000p\000r\000i\000n\000t\000\040\000R\000e\000v\000i\000e\000w\000\040\0003}{section.1}% 4
\BOOKMARK [2][-]{subsection.1.4}{\376\377\000S\000p\000r\000i\000n\000t\000\040\000R\000e\000v\000i\000e\000w\000\040\0004}{section.1}% 5
\BOOKMARK [1][-]{section.2}{\376\377\000D\000e\000f\000i\000n\000i\000t\000i\000o\000n\000\040\000o\000f\000\040\000d\000o\000n\000e}{}% 6
\BOOKMARK [1][-]{section.3}{\376\377\000H\000e\000r\000m\000o\000n\000\040\000G\000i\000m\000i\000k\000a\000e\000l}{}% 7
\BOOKMARK [2][-]{subsection.3.1}{\376\377\000R\000e\000q\000u\000i\000r\000e\000m\000e\000n\000t\0001}{section.3}% 8
\BOOKMARK [2][-]{subsection.3.2}{\376\377\000R\000e\000q\000u\000i\000r\000e\000m\000e\000n\000t\0002}{section.3}% 9
\BOOKMARK [1][-]{section.4}{\376\377\000H\000o\000w\000a\000r\000d\000-\000Y\000i\000\040\000H\000o\000n\000g\000\040\000S\000o\000o\000n}{}% 10
\BOOKMARK [2][-]{subsection.4.1}{\376\377\000R\000e\000q\000u\000i\000r\000e\000m\000e\000n\000t\000\040\0005\000:\000\040\000S\000h\000a\000r\000e\000\040\000w\000o\000r\000k\000o\000u\000t\000\040\000a\000c\000h\000i\000e\000v\000e\000m\000e\000n\000t\000\040\000o\000n\000\040\000s\000o\000c\000i\000a\000l\000\040\000m\000e\000d\000i\000a}{section.4}% 11
\BOOKMARK [2][-]{subsection.4.2}{\376\377\000R\000e\000q\000u\000i\000r\000e\000m\000e\000n\000t\000\040\0008\000:\000\040\000N\000u\000t\000r\000i\000t\000i\000o\000n\000a\000l\000\040\000T\000r\000a\000c\000k\000i\000n\000g\000\040\000f\000o\000r\000\040\000f\000o\000o\000d\000\040\000i\000n\000t\000a\000k\000e\000\040\000a\000n\000d\000\040\000c\000a\000l\000o\000r\000i\000e\000\040\000c\000o\000u\000n\000t\000i\000n\000g}{section.4}% 12
\BOOKMARK [2][-]{subsection.4.3}{\376\377\000R\000e\000q\000u\000i\000r\000e\000m\000e\000n\000t\000\040\0001\0006\000:\000\040\000A\000p\000p\000e\000a\000r\000a\000n\000c\000e\000\040\000T\000h\000e\000m\000e}{section.4}% 13
\BOOKMARK [2][-]{subsection.4.4}{\376\377\000R\000e\000q\000u\000i\000r\000e\000m\000e\000n\000t\000\040\0001\0007\000:\000\040\000S\000t\000o\000p\000w\000a\000t\000c\000h}{section.4}% 14
\BOOKMARK [1][-]{section.5}{\376\377\000J\000i\000w\000o\000n\000\040\000W\000o\000n}{}% 15
\BOOKMARK [2][-]{subsection.5.1}{\376\377\000R\000e\000q\000u\000i\000r\000e\000m\000e\000n\000t\000\040\0007\000:\000\040\000P\000e\000r\000s\000o\000n\000a\000l\000i\000z\000e\000d\000\040\000h\000e\000a\000l\000t\000h\000\040\000r\000e\000c\000o\000m\000m\000e\000n\000d\000a\000t\000i\000o\000n\000s}{section.5}% 16
\BOOKMARK [2][-]{subsection.5.2}{\376\377\000R\000e\000q\000u\000i\000r\000e\000m\000e\000n\000t\000\040\0001\0003\000:\000\040\000C\000h\000a\000n\000g\000e\000\040\000L\000o\000c\000k\000\040\000S\000c\000r\000e\000e\000n\000\040\000T\000e\000m\000p\000l\000a\000t\000e}{section.5}% 17
\BOOKMARK [2][-]{subsection.5.3}{\376\377\000R\000e\000q\000u\000i\000r\000e\000m\000e\000n\000t\000\040\0001\0004\000:\000\040\000C\000a\000l\000c\000u\000l\000a\000t\000o\000r}{section.5}% 18
\BOOKMARK [2][-]{subsection.5.4}{\376\377\000R\000e\000q\000u\000i\000r\000e\000m\000e\000n\000t\000\040\0001\0005\000:\000\040\000B\000i\000o\000e\000l\000e\000c\000t\000r\000i\000c\000a\000l\000\040\000I\000m\000p\000e\000d\000a\000n\000c\000e\000\040\000A\000n\000a\000l\000y\000s\000i\000s}{section.5}% 19
\BOOKMARK [1][-]{section.6}{\376\377\000L\000a\000r\000s\000\040\000F\000r\000i\000e\000s\000e}{}% 20
\BOOKMARK [2][-]{subsection.6.1}{\376\377\000R\000e\000q\000u\000i\000r\000e\000m\000e\000n\000t\000\040\0002\0005\000:\000\040\000E\000a\000s\000y\000\040\000u\000s\000a\000b\000i\000l\000i\000t\000y\000\040\000w\000i\000t\000h\000\040\000G\000e\000s\000t\000u\000r\000e\000\040\000C\000o\000n\000t\000r\000o\000l}{section.6}% 21
\BOOKMARK [2][-]{subsection.6.2}{\376\377\000R\000e\000q\000u\000i\000r\000e\000m\000e\000n\000t\000\040\0002\0006\000:\000\040\000V\000o\000i\000c\000e\000\040\000A\000s\000s\000i\000t\000a\000n\000t\000\040\000f\000o\000r\000\040\000e\000a\000s\000y\000\040\000d\000a\000t\000a\000\040\000l\000o\000o\000k\000u\000p}{section.6}% 22
\BOOKMARK [1][-]{section.7}{\376\377\000M\000a\000r\000c\000\040\000R\000o\000e\000m\000e\000r}{}% 23
\BOOKMARK [2][-]{subsection.7.1}{\376\377\000R\000e\000q\000u\000i\000r\000e\000m\000e\000n\000t\000\040\0009\000:\000\040\000C\000a\000l\000c\000u\000l\000a\000t\000i\000o\000n\000\040\000a\000n\000d\000\040\000d\000i\000s\000p\000l\000a\000y\000\040\000d\000a\000i\000l\000y\000\040\000a\000n\000d\000\040\000w\000e\000e\000k\000l\000y\000\040\000s\000t\000e\000p\000\040\000c\000o\000u\000n\000t\000\040\000s\000t\000a\000t\000i\000s\000t\000i\000c\000s}{section.7}% 24
\BOOKMARK [2][-]{subsection.7.2}{\376\377\000R\000e\000q\000u\000i\000r\000e\000m\000e\000n\000t\000\040\0001\0000\000:\000\040\000C\000r\000e\000a\000t\000e\000\040\000a\000n\000d\000\040\000m\000a\000n\000a\000g\000e\000s\000\040\000a\000\040\000w\000o\000r\000k\000o\000u\000t\000\040\000p\000l\000a\000n}{section.7}% 25
\BOOKMARK [1][-]{section.8}{\376\377\000S\000t\000e\000f\000a\000n\000\040\000N\000g\000u\000y\000e\000n}{}% 26
\BOOKMARK [2][-]{subsection.8.1}{\376\377\000R\000e\000q\000u\000i\000r\000e\000m\000e\000n\000t\000\040\0003\000:\000\040\000D\000i\000s\000p\000l\000a\000y\000\040\000H\000e\000a\000r\000t\000\040\000R\000a\000t\000e\000\040\000o\000n\000\040\000S\000m\000a\000r\000t\000w\000a\000t\000c\000h}{section.8}% 27
\BOOKMARK [2][-]{subsection.8.2}{\376\377\000R\000e\000q\000u\000i\000r\000e\000m\000e\000n\000t\000\040\0001\0001\000:\000\040\000E\000n\000v\000i\000r\000o\000n\000m\000e\000n\000t\000\040\000M\000o\000n\000i\000t\000o\000r\000i\000n\000g}{section.8}% 28
\BOOKMARK [2][-]{subsection.8.3}{\376\377\000R\000e\000q\000u\000i\000r\000e\000m\000e\000n\000t\000\040\0001\0003\000:\000\040\000P\000a\000y\000\040\000w\000i\000t\000h\000\040\000S\000m\000a\000r\000t\000w\000a\000t\000c\000h}{section.8}% 29
\BOOKMARK [2][-]{subsection.8.4}{\376\377\000R\000e\000q\000u\000i\000r\000e\000m\000e\000n\000t\000\040\0001\0004\000:\000\040\000T\000i\000p\000s\000\040\000f\000o\000r\000\040\000u\000s\000i\000n\000g\000\040\000t\000h\000e\000\040\000S\000m\000a\000r\000t\000w\000a\000t\000c\000h}{section.8}% 30
